<?xml version="1.0" encoding="UTF-8"?>
<!-- Generated by org.testng.reporters.JUnitReportReporter -->
<testsuite hostname="DESKTOP-61Q59I9" failures="0" tests="12" name="MyRunner.MyRunner" time="58.422" errors="0" timestamp="2021-10-08T03:27:17 IST" skipped="0">
  <testcase classname="MyRunner.MyRunner" name="runScenario" time="8.622"/>
  <system-out/>
  <testcase classname="MyRunner.MyRunner" name="runScenario" time="4.293"/>
  <system-out/>
  <testcase classname="MyRunner.MyRunner" name="runScenario" time="4.801"/>
  <system-out/>
  <testcase classname="MyRunner.MyRunner" name="runScenario" time="3.634"/>
  <system-out/>
  <testcase classname="MyRunner.MyRunner" name="runScenario" time="4.736"/>
  <system-out/>
  <testcase classname="MyRunner.MyRunner" name="runScenario" time="6.454"/>
  <system-out/>
  <testcase classname="MyRunner.MyRunner" name="runScenario" time="3.533"/>
  <system-out/>
  <testcase classname="MyRunner.MyRunner" name="runScenario" time="4.018"/>
  <system-out/>
  <testcase classname="MyRunner.MyRunner" name="runScenario" time="3.439"/>
  <system-out/>
  <testcase classname="MyRunner.MyRunner" name="runScenario" time="4.781"/>
  <system-out/>
  <testcase classname="MyRunner.MyRunner" name="runScenario" time="5.723"/>
  <system-out/>
  <testcase classname="MyRunner.MyRunner" name="runScenario" time="4.388"/>
  <system-out/>
</testsuite> <!-- MyRunner.MyRunner -->
